<?xml version="1.0" encoding="UTF-8"?>
<testng-results ignored="0" total="1" passed="1" failed="0" skipped="0">
  <reporter-output>
  </reporter-output>
  <suite started-at="2025-03-03T15:45:09 IST" name="Surefire suite" finished-at="2025-03-03T15:45:09 IST" duration-ms="34">
    <groups>
    </groups>
    <test started-at="2025-03-03T15:45:09 IST" name="Surefire test" finished-at="2025-03-03T15:45:09 IST" duration-ms="34">
      <class name="div.ya.AppTest">
        <test-method signature="shouldAnswerWithTrue()" started-at="2025-03-03T15:45:09 IST" name="shouldAnswerWithTrue" finished-at="2025-03-03T15:45:09 IST" duration-ms="3" status="PASS">
          <reporter-output>
          </reporter-output>
        </test-method> <!-- shouldAnswerWithTrue -->
      </class> <!-- div.ya.AppTest -->
    </test> <!-- Surefire test -->
  </suite> <!-- Surefire suite -->
</testng-results>
