<?xml version="1.0" encoding="UTF-8"?>
<testng-results ignored="0" total="1" passed="1" failed="0" skipped="0">
  <reporter-output>
  </reporter-output>
  <suite started-at="2025-03-03T16:28:31 IST" name="Default suite" finished-at="2025-03-03T16:28:41 IST" duration-ms="9555">
    <groups>
    </groups>
    <test started-at="2025-03-03T16:28:31 IST" name="Default test" finished-at="2025-03-03T16:28:41 IST" duration-ms="9555">
      <class name="div.ya.PendingFilesCheckerTest">
        <test-method signature="testFiles()[pri:0, instance:div.ya.PendingFilesCheckerTest@71def8f8]" started-at="2025-03-03T16:28:31 IST" name="testFiles" finished-at="2025-03-03T16:28:41 IST" duration-ms="9526" status="PASS">
          <reporter-output>
          </reporter-output>
        </test-method> <!-- testFiles -->
      </class> <!-- div.ya.PendingFilesCheckerTest -->
    </test> <!-- Default test -->
  </suite> <!-- Default suite -->
</testng-results>
